<?xml version="1.0" encoding="UTF-8"?>
<testsuite name="com.ashkanghaderi.flashcards.SchedulerTest" tests="5" skipped="0" failures="0" errors="0" timestamp="2026-08-16T09:58:25.546Z" hostname="ashkans-MacBook-Pro.local" time="0.012">
  <properties/>
  <testcase name="ease never drops below the floor from any starting point" classname="com.ashkanghaderi.flashcards.SchedulerTest" time="0.011"/>
  <testcase name="the second correct answer jumps to six days" classname="com.ashkanghaderi.flashcards.SchedulerTest" time="0.001"/>
  <testcase name="after that intervals multiply by ease" classname="com.ashkanghaderi.flashcards.SchedulerTest" time="0.0"/>
  <testcase name="a wrong answer resets the streak and the interval" classname="com.ashkanghaderi.flashcards.SchedulerTest" time="0.0"/>
  <testcase name="a new card answered correctly comes back tomorrow" classname="com.ashkanghaderi.flashcards.SchedulerTest" time="0.0"/>
  <system-out><![CDATA[]]></system-out>
  <system-err><![CDATA[]]></system-err>
</testsuite>
